This is pdfTeX, Version 3.14159265-2.6-1.40.21 (MiKTeX 20.7) (preloaded format=pdflatex 2020.8.26)  6 SEP 2020 01:19
entering extended mode
**./processing.tex
(processing.tex
LaTeX2e <2020-02-02> patch level 5
L3 programming layer <2020-08-07>
! Undefined control sequence.
l.1 \subsection
               {Data Mapping}
The control sequence at the end of the top line
of your error message was never \def'ed. If you have
misspelled it (e.g., `\hobx'), type `I' and the correct
spelling (e.g., `I\hbox'). Otherwise just continue,
and I'll forget about whatever was undefined.


! LaTeX Error: Missing \begin{document}.

See the LaTeX manual or LaTeX Companion for explanation.
Type  H <return>  for immediate help.
 ...                                              
                                                  
l.1 \subsection{D
                 ata Mapping}
You're in trouble here.  Try typing  <return>  to proceed.
If that doesn't work, type  X <return>  to quit.

Missing character: There is no D in font nullfont!
Missing character: There is no a in font nullfont!
Missing character: There is no t in font nullfont!
Missing character: There is no a in font nullfont!
Missing character: There is no M in font nullfont!
Missing character: There is no a in font nullfont!
Missing character: There is no p in font nullfont!
Missing character: There is no p in font nullfont!
Missing character: There is no i in font nullfont!
Missing character: There is no n in font nullfont!
Missing character: There is no g in font nullfont!

! LaTeX Error: Environment minted undefined.

See the LaTeX manual or LaTeX Companion for explanation.
Type  H <return>  for immediate help.
 ...                                              
                                                  
l.2 \begin{minted}
                  {python}
Your command was ignored.
Type  I <command> <return>  to replace it with another command,
or  <return>  to continue without it.

Missing character: There is no p in font nullfont!
Missing character: There is no y in font nullfont!
Missing character: There is no t in font nullfont!
Missing character: There is no h in font nullfont!
Missing character: There is no o in font nullfont!
Missing character: There is no n in font nullfont!
Missing character: There is no i in font nullfont!
Missing character: There is no m in font nullfont!
Missing character: There is no p in font nullfont!
Missing character: There is no o in font nullfont!
Missing character: There is no r in font nullfont!
Missing character: There is no t in font nullfont!
Missing character: There is no n in font nullfont!
Missing character: There is no u in font nullfont!
Missing character: There is no m in font nullfont!
Missing character: There is no p in font nullfont!
Missing character: There is no y in font nullfont!
Missing character: There is no a in font nullfont!
Missing character: There is no s in font nullfont!
Missing character: There is no n in font nullfont!
Missing character: There is no p in font nullfont!
Missing character: There is no f in font nullfont!
Missing character: There is no r in font nullfont!
Missing character: There is no o in font nullfont!
Missing character: There is no m in font nullfont!
Missing character: There is no t in font nullfont!
Missing character: There is no o in font nullfont!
Missing character: There is no k in font nullfont!
Missing character: There is no e in font nullfont!
Missing character: There is no n in font nullfont!
Missing character: There is no i in font nullfont!
Missing character: There is no z in font nullfont!
Missing character: There is no e in font nullfont!
Missing character: There is no r in font nullfont!
Missing character: There is no s in font nullfont!
Missing character: There is no i in font nullfont!
Missing character: There is no m in font nullfont!
Missing character: There is no p in font nullfont!
Missing character: There is no o in font nullfont!
Missing character: There is no r in font nullfont!
Missing character: There is no t in font nullfont!
Missing character: There is no B in font nullfont!
Missing character: There is no e in font nullfont!
Missing character: There is no r in font nullfont!
Missing character: There is no t in font nullfont!
Missing character: There is no W in font nullfont!
Missing character: There is no o in font nullfont!
Missing character: There is no r in font nullfont!
Missing character: There is no d in font nullfont!
Missing character: There is no P in font nullfont!
Missing character: There is no i in font nullfont!
Missing character: There is no e in font nullfont!
Missing character: There is no c in font nullfont!
Missing character: There is no e in font nullfont!
Missing character: There is no T in font nullfont!
Missing character: There is no o in font nullfont!
Missing character: There is no k in font nullfont!
Missing character: There is no e in font nullfont!
Missing character: There is no n in font nullfont!
Missing character: There is no i in font nullfont!
Missing character: There is no z in font nullfont!
Missing character: There is no e in font nullfont!
Missing character: There is no r in font nullfont!
Missing character: There is no i in font nullfont!
Missing character: There is no m in font nullfont!
Missing character: There is no p in font nullfont!
Missing character: There is no o in font nullfont!
Missing character: There is no r in font nullfont!
Missing character: There is no t in font nullfont!
Missing character: There is no t in font nullfont!
Missing character: There is no o in font nullfont!
Missing character: There is no r in font nullfont!
Missing character: There is no c in font nullfont!
Missing character: There is no h in font nullfont!
Missing character: There is no i in font nullfont!
Missing character: There is no m in font nullfont!
Missing character: There is no p in font nullfont!
Missing character: There is no o in font nullfont!
Missing character: There is no r in font nullfont!
Missing character: There is no t in font nullfont!
Missing character: There is no u in font nullfont!
Missing character: There is no j in font nullfont!
Missing character: There is no s in font nullfont!
Missing character: There is no o in font nullfont!
Missing character: There is no n in font nullfont!
Missing character: There is no a in font nullfont!
Missing character: There is no s in font nullfont!
Missing character: There is no j in font nullfont!
Missing character: There is no s in font nullfont!
Missing character: There is no o in font nullfont!
Missing character: There is no n in font nullfont!
Missing character: There is no i in font nullfont!
Missing character: There is no m in font nullfont!
Missing character: There is no p in font nullfont!
Missing character: There is no o in font nullfont!
Missing character: There is no r in font nullfont!
Missing character: There is no t in font nullfont!
Missing character: There is no c in font nullfont!
Missing character: There is no o in font nullfont!
Missing character: There is no l in font nullfont!
Missing character: There is no l in font nullfont!
Missing character: There is no e in font nullfont!
Missing character: There is no c in font nullfont!
Missing character: There is no t in font nullfont!
Missing character: There is no i in font nullfont!
Missing character: There is no o in font nullfont!
Missing character: There is no n in font nullfont!
Missing character: There is no s in font nullfont!
Missing character: There is no f in font nullfont!
Missing character: There is no r in font nullfont!
Missing character: There is no o in font nullfont!
Missing character: There is no m in font nullfont!
Missing character: There is no d in font nullfont!
Missing character: There is no a in font nullfont!
Missing character: There is no t in font nullfont!
Missing character: There is no e in font nullfont!
Missing character: There is no t in font nullfont!
Missing character: There is no i in font nullfont!
Missing character: There is no m in font nullfont!
Missing character: There is no e in font nullfont!
Missing character: There is no i in font nullfont!
Missing character: There is no m in font nullfont!
Missing character: There is no p in font nullfont!
Missing character: There is no o in font nullfont!
Missing character: There is no r in font nullfont!
Missing character: There is no t in font nullfont!
Missing character: There is no d in font nullfont!
Missing character: There is no a in font nullfont!
Missing character: There is no t in font nullfont!
Missing character: There is no e in font nullfont!
Missing character: There is no t in font nullfont!
Missing character: There is no i in font nullfont!
Missing character: There is no m in font nullfont!
Missing character: There is no e in font nullfont!
Missing character: There is no , in font nullfont!
Missing character: There is no t in font nullfont!
Missing character: There is no i in font nullfont!
Missing character: There is no m in font nullfont!
Missing character: There is no e in font nullfont!
Missing character: There is no d in font nullfont!
Missing character: There is no e in font nullfont!
Missing character: There is no l in font nullfont!
Missing character: There is no t in font nullfont!
Missing character: There is no a in font nullfont!
Missing character: There is no f in font nullfont!
Missing character: There is no r in font nullfont!
Missing character: There is no o in font nullfont!
Missing character: There is no m in font nullfont!
Missing character: There is no d in font nullfont!
Missing character: There is no a in font nullfont!
Missing character: There is no t in font nullfont!
Missing character: There is no e in font nullfont!
Missing character: There is no u in font nullfont!
Missing character: There is no t in font nullfont!
Missing character: There is no i in font nullfont!
Missing character: There is no l in font nullfont!
Missing character: There is no i in font nullfont!
Missing character: There is no m in font nullfont!
Missing character: There is no p in font nullfont!
Missing character: There is no o in font nullfont!
Missing character: There is no r in font nullfont!
Missing character: There is no t in font nullfont!
Missing character: There is no p in font nullfont!
Missing character: There is no a in font nullfont!
Missing character: There is no r in font nullfont!
Missing character: There is no s in font nullfont!
Missing character: There is no e in font nullfont!
Missing character: There is no r in font nullfont!

Overfull \hbox (20.0pt too wide) in paragraph at lines 1--10
[]
 []


! LaTeX Error: Missing \begin{document}.

See the LaTeX manual or LaTeX Companion for explanation.
Type  H <return>  for immediate help.
 ...                                              
                                                  
l.11 t
      okenizer = BertWordPieceTokenizer("bert-base-uncased.txt", lowercase=T...

You're in trouble here.  Try typing  <return>  to proceed.
If that doesn't work, type  X <return>  to quit.

Missing character: There is no t in font nullfont!
Missing character: There is no o in font nullfont!
Missing character: There is no k in font nullfont!
Missing character: There is no e in font nullfont!
Missing character: There is no n in font nullfont!
Missing character: There is no i in font nullfont!
Missing character: There is no z in font nullfont!
Missing character: There is no e in font nullfont!
Missing character: There is no r in font nullfont!
Missing character: There is no = in font nullfont!
Missing character: There is no B in font nullfont!
Missing character: There is no e in font nullfont!
Missing character: There is no r in font nullfont!
Missing character: There is no t in font nullfont!
Missing character: There is no W in font nullfont!
Missing character: There is no o in font nullfont!
Missing character: There is no r in font nullfont!
Missing character: There is no d in font nullfont!
Missing character: There is no P in font nullfont!
Missing character: There is no i in font nullfont!
Missing character: There is no e in font nullfont!
Missing character: There is no c in font nullfont!
Missing character: There is no e in font nullfont!
Missing character: There is no T in font nullfont!
Missing character: There is no o in font nullfont!
Missing character: There is no k in font nullfont!
Missing character: There is no e in font nullfont!
Missing character: There is no n in font nullfont!
Missing character: There is no i in font nullfont!
Missing character: There is no z in font nullfont!
Missing character: There is no e in font nullfont!
Missing character: There is no r in font nullfont!
Missing character: There is no ( in font nullfont!
Missing character: There is no " in font nullfont!
Missing character: There is no b in font nullfont!
Missing character: There is no e in font nullfont!
Missing character: There is no r in font nullfont!
Missing character: There is no t in font nullfont!
Missing character: There is no - in font nullfont!
Missing character: There is no b in font nullfont!
Missing character: There is no a in font nullfont!
Missing character: There is no s in font nullfont!
Missing character: There is no e in font nullfont!
Missing character: There is no - in font nullfont!
Missing character: There is no u in font nullfont!
Missing character: There is no n in font nullfont!
Missing character: There is no c in font nullfont!
Missing character: There is no a in font nullfont!
Missing character: There is no s in font nullfont!
Missing character: There is no e in font nullfont!
Missing character: There is no d in font nullfont!
Missing character: There is no . in font nullfont!
Missing character: There is no t in font nullfont!
Missing character: There is no x in font nullfont!
Missing character: There is no t in font nullfont!
Missing character: There is no " in font nullfont!
Missing character: There is no , in font nullfont!
Missing character: There is no l in font nullfont!
Missing character: There is no o in font nullfont!
Missing character: There is no w in font nullfont!
Missing character: There is no e in font nullfont!
Missing character: There is no r in font nullfont!
Missing character: There is no c in font nullfont!
Missing character: There is no a in font nullfont!
Missing character: There is no s in font nullfont!
Missing character: There is no e in font nullfont!
Missing character: There is no = in font nullfont!
Missing character: There is no T in font nullfont!
Missing character: There is no r in font nullfont!
Missing character: There is no u in font nullfont!
Missing character: There is no e in font nullfont!
Missing character: There is no ) in font nullfont!

Overfull \hbox (20.0pt too wide) in paragraph at lines 11--12
[]
 []

! You can't use `macro parameter character #' in vertical mode.
l.13 #
       define Articles dataset class for easy sampling, iteration, and weigh...
Sorry, but I'm not programmed to handle this case;
I'll just pretend that you didn't ask for it.
If you're in the wrong mode, you might be able to
return to the right one by typing `I}' or `I$' or `I\par'.


! LaTeX Error: Missing \begin{document}.

See the LaTeX manual or LaTeX Companion for explanation.
Type  H <return>  for immediate help.
 ...                                              
                                                  
l.13 # d
        efine Articles dataset class for easy sampling, iteration, and weigh...

You're in trouble here.  Try typing  <return>  to proceed.
If that doesn't work, type  X <return>  to quit.

Missing character: There is no d in font nullfont!
Missing character: There is no e in font nullfont!
Missing character: There is no f in font nullfont!
Missing character: There is no i in font nullfont!
Missing character: There is no n in font nullfont!
Missing character: There is no e in font nullfont!
Missing character: There is no A in font nullfont!
Missing character: There is no r in font nullfont!
Missing character: There is no t in font nullfont!
Missing character: There is no i in font nullfont!
Missing character: There is no c in font nullfont!
Missing character: There is no l in font nullfont!
Missing character: There is no e in font nullfont!
Missing character: There is no s in font nullfont!
Missing character: There is no d in font nullfont!
Missing character: There is no a in font nullfont!
Missing character: There is no t in font nullfont!
Missing character: There is no a in font nullfont!
Missing character: There is no s in font nullfont!
Missing character: There is no e in font nullfont!
Missing character: There is no t in font nullfont!
Missing character: There is no c in font nullfont!
Missing character: There is no l in font nullfont!
Missing character: There is no a in font nullfont!
Missing character: There is no s in font nullfont!
Missing character: There is no s in font nullfont!
Missing character: There is no f in font nullfont!
Missing character: There is no o in font nullfont!
Missing character: There is no r in font nullfont!
Missing character: There is no e in font nullfont!
Missing character: There is no a in font nullfont!
Missing character: There is no s in font nullfont!
Missing character: There is no y in font nullfont!
Missing character: There is no s in font nullfont!
Missing character: There is no a in font nullfont!
Missing character: There is no m in font nullfont!
Missing character: There is no p in font nullfont!
Missing character: There is no l in font nullfont!
Missing character: There is no i in font nullfont!
Missing character: There is no n in font nullfont!
Missing character: There is no g in font nullfont!
Missing character: There is no , in font nullfont!
Missing character: There is no i in font nullfont!
Missing character: There is no t in font nullfont!
Missing character: There is no e in font nullfont!
Missing character: There is no r in font nullfont!
Missing character: There is no a in font nullfont!
Missing character: There is no t in font nullfont!
Missing character: There is no i in font nullfont!
Missing character: There is no o in font nullfont!
Missing character: There is no n in font nullfont!
Missing character: There is no , in font nullfont!
Missing character: There is no a in font nullfont!
Missing character: There is no n in font nullfont!
Missing character: There is no d in font nullfont!
Missing character: There is no w in font nullfont!
Missing character: There is no e in font nullfont!
Missing character: There is no i in font nullfont!
Missing character: There is no g in font nullfont!
Missing character: There is no h in font nullfont!
Missing character: There is no t in font nullfont!
Missing character: There is no c in font nullfont!
Missing character: There is no r in font nullfont!
Missing character: There is no e in font nullfont!
Missing character: There is no a in font nullfont!
Missing character: There is no t in font nullfont!
Missing character: There is no i in font nullfont!
Missing character: There is no n in font nullfont!
Missing character: There is no g in font nullfont!
Missing character: There is no c in font nullfont!
Missing character: There is no l in font nullfont!
Missing character: There is no a in font nullfont!
Missing character: There is no s in font nullfont!
Missing character: There is no s in font nullfont!
Missing character: There is no A in font nullfont!
Missing character: There is no r in font nullfont!
Missing character: There is no t in font nullfont!
Missing character: There is no i in font nullfont!
Missing character: There is no c in font nullfont!
Missing character: There is no l in font nullfont!
Missing character: There is no e in font nullfont!
Missing character: There is no s in font nullfont!
Missing character: There is no ( in font nullfont!
Missing character: There is no t in font nullfont!
Missing character: There is no o in font nullfont!
Missing character: There is no r in font nullfont!
Missing character: There is no c in font nullfont!
Missing character: There is no h in font nullfont!
Missing character: There is no . in font nullfont!
Missing character: There is no u in font nullfont!
Missing character: There is no t in font nullfont!
Missing character: There is no i in font nullfont!
Missing character: There is no l in font nullfont!
Missing character: There is no s in font nullfont!
Missing character: There is no . in font nullfont!
Missing character: There is no d in font nullfont!
Missing character: There is no a in font nullfont!
Missing character: There is no t in font nullfont!
Missing character: There is no a in font nullfont!
Missing character: There is no . in font nullfont!
Missing character: There is no D in font nullfont!
Missing character: There is no a in font nullfont!
Missing character: There is no t in font nullfont!
Missing character: There is no a in font nullfont!
Missing character: There is no s in font nullfont!
Missing character: There is no e in font nullfont!
Missing character: There is no t in font nullfont!
Missing character: There is no ) in font nullfont!
Missing character: There is no : in font nullfont!
Missing character: There is no d in font nullfont!
Missing character: There is no e in font nullfont!
Missing character: There is no f in font nullfont!
! Missing $ inserted.
<inserted text> 
                $
l.15     def _
              _init__(self, json_file, index_file=None):
I've inserted a begin-math/end-math symbol since I think
you left one out. Proceed, with fingers crossed.

LaTeX Font Info:    External font `cmex10' loaded for size
(Font)              <7> on input line 15.
LaTeX Font Info:    External font `cmex10' loaded for size
(Font)              <5> on input line 15.
! Missing { inserted.
<to be read again> 
                   _
l.15     def __
               init__(self, json_file, index_file=None):
A left brace was mandatory here, so I've put one in.
You might want to delete and/or insert some corrections
so that I will find a matching right brace soon.
(If you're confused by all this, try typing `I}' now.)

! Missing { inserted.
<to be read again> 
                   _
l.15     def __init__
                     (self, json_file, index_file=None):
A left brace was mandatory here, so I've put one in.
You might want to delete and/or insert some corrections
so that I will find a matching right brace soon.
(If you're confused by all this, try typing `I}' now.)

! Missing { inserted.
<to be read again> 
                   _
l.16         super().__
                       init__()
A left brace was mandatory here, so I've put one in.
You might want to delete and/or insert some corrections
so that I will find a matching right brace soon.
(If you're confused by all this, try typing `I}' now.)

! Missing { inserted.
<to be read again> 
                   _
l.16         super().__init__
                             ()
A left brace was mandatory here, so I've put one in.
You might want to delete and/or insert some corrections
so that I will find a matching right brace soon.
(If you're confused by all this, try typing `I}' now.)

! Missing $ inserted.
<inserted text> 
                $
l.19 
     
I've inserted a begin-math/end-math symbol since I think
you left one out. Proceed, with fingers crossed.

! Missing } inserted.
<inserted text> 
                }
l.19 
     
I've inserted something that you may have forgotten.
(See the <inserted text> above.)
With luck, this will get me unwedged. But if you
really didn't forget anything, try typing `2' now; then
my insertion and my current dilemma will both disappear.

! Missing } inserted.
<inserted text> 
                }
l.19 
     
I've inserted something that you may have forgotten.
(See the <inserted text> above.)
With luck, this will get me unwedged. But if you
really didn't forget anything, try typing `2' now; then
my insertion and my current dilemma will both disappear.

! Missing } inserted.
<inserted text> 
                }
l.19 
     
I've inserted something that you may have forgotten.
(See the <inserted text> above.)
With luck, this will get me unwedged. But if you
really didn't forget anything, try typing `2' now; then
my insertion and my current dilemma will both disappear.

! Missing } inserted.
<inserted text> 
                }
l.19 
     
I've inserted something that you may have forgotten.
(See the <inserted text> above.)
With luck, this will get me unwedged. But if you
really didn't forget anything, try typing `2' now; then
my insertion and my current dilemma will both disappear.


Overfull \hbox (20.0pt too wide) in paragraph at lines 13--19
[]
 []


Overfull \hbox (417.74292pt too wide) in paragraph at lines 13--19
[]$ 
 []


! LaTeX Error: Missing \begin{document}.

See the LaTeX manual or LaTeX Companion for explanation.
Type  H <return>  for immediate help.
 ...                                              
                                                  
l.20         i
              f index_file is not None:
You're in trouble here.  Try typing  <return>  to proceed.
If that doesn't work, type  X <return>  to quit.

Missing character: There is no i in font nullfont!
Missing character: There is no f in font nullfont!
Missing character: There is no i in font nullfont!
Missing character: There is no n in font nullfont!
Missing character: There is no d in font nullfont!
Missing character: There is no e in font nullfont!
Missing character: There is no x in font nullfont!
! Missing $ inserted.
<inserted text> 
                $
l.20         if index_
                      file is not None:
I've inserted a begin-math/end-math symbol since I think
you left one out. Proceed, with fingers crossed.

! Missing $ inserted.
<inserted text> 
                $
l.24 
     
I've inserted a begin-math/end-math symbol since I think
you left one out. Proceed, with fingers crossed.


Overfull \hbox (20.0pt too wide) in paragraph at lines 20--24
[]
 []


Overfull \hbox (69.24568pt too wide) in paragraph at lines 20--24
[]\OML/cmm/m/it/10 ileisnotNone \OT1/cmr/m/n/10 :
 []


Overfull \hbox (142.06783pt too wide) in paragraph at lines 20--24
\OML/cmm/m/it/10 withopen\OT1/cmr/m/n/10 (\OML/cmm/m/it/10 index[]ile; \OT1/cmr
/m/n/10 "\OML/cmm/m/it/10 r\OT1/cmr/m/n/10 ")\OML/cmm/m/it/10 asfile \OT1/cmr/m
/n/10 :
 []


Overfull \hbox (42.32431pt too wide) in paragraph at lines 20--24
\OML/cmm/m/it/10 indices \OT1/cmr/m/n/10 =
 []


Overfull \hbox (281.39088pt too wide) in paragraph at lines 20--24
\OT1/cmr/m/n/10 [\OML/cmm/m/it/10 int\OT1/cmr/m/n/10 (\OML/cmm/m/it/10 index:rs
trip\OT1/cmr/m/n/10 ())\OML/cmm/m/it/10 forindexinfile:readlines\OT1/cmr/m/n/10
 ()]\OML/cmm/m/it/10 self:examples \OT1/cmr/m/n/10 =
 []


Overfull \hbox (137.53851pt too wide) in paragraph at lines 20--24
\OT1/cmr/m/n/10 [\OML/cmm/m/it/10 self:examples\OT1/cmr/m/n/10 [\OML/cmm/m/it/1
0 i\OT1/cmr/m/n/10 ]\OML/cmm/m/it/10 foriinindices\OT1/cmr/m/n/10 ]$ 
 []


! LaTeX Error: Missing \begin{document}.

See the LaTeX manual or LaTeX Companion for explanation.
Type  H <return>  for immediate help.
 ...                                              
                                                  
l.25     d
          ef __getitem__(self, idx):
You're in trouble here.  Try typing  <return>  to proceed.
If that doesn't work, type  X <return>  to quit.

Missing character: There is no d in font nullfont!
Missing character: There is no e in font nullfont!
Missing character: There is no f in font nullfont!
! Missing $ inserted.
<inserted text> 
                $
l.25     def _
              _getitem__(self, idx):
I've inserted a begin-math/end-math symbol since I think
you left one out. Proceed, with fingers crossed.

! Missing { inserted.
<to be read again> 
                   _
l.25     def __
               getitem__(self, idx):
A left brace was mandatory here, so I've put one in.
You might want to delete and/or insert some corrections
so that I will find a matching right brace soon.
(If you're confused by all this, try typing `I}' now.)

! Missing { inserted.
<to be read again> 
                   _
l.25     def __getitem__
                        (self, idx):
A left brace was mandatory here, so I've put one in.
You might want to delete and/or insert some corrections
so that I will find a matching right brace soon.
(If you're confused by all this, try typing `I}' now.)

! Missing $ inserted.
<inserted text> 
                $
l.27 
     
I've inserted a begin-math/end-math symbol since I think
you left one out. Proceed, with fingers crossed.

! Missing } inserted.
<inserted text> 
                }
l.27 
     
I've inserted something that you may have forgotten.
(See the <inserted text> above.)
With luck, this will get me unwedged. But if you
really didn't forget anything, try typing `2' now; then
my insertion and my current dilemma will both disappear.

! Missing } inserted.
<inserted text> 
                }
l.27 
     
I've inserted something that you may have forgotten.
(See the <inserted text> above.)
With luck, this will get me unwedged. But if you
really didn't forget anything, try typing `2' now; then
my insertion and my current dilemma will both disappear.


Overfull \hbox (20.0pt too wide) in paragraph at lines 25--27
[]
 []


Overfull \hbox (143.62004pt too wide) in paragraph at lines 25--27
[]$ 
 []


! LaTeX Error: Missing \begin{document}.

See the LaTeX manual or LaTeX Companion for explanation.
Type  H <return>  for immediate help.
 ...                                              
                                                  
l.28     d
          ef __len__(self):
You're in trouble here.  Try typing  <return>  to proceed.
If that doesn't work, type  X <return>  to quit.

Missing character: There is no d in font nullfont!
Missing character: There is no e in font nullfont!
Missing character: There is no f in font nullfont!
! Missing $ inserted.
<inserted text> 
                $
l.28     def _
              _len__(self):
I've inserted a begin-math/end-math symbol since I think
you left one out. Proceed, with fingers crossed.

! Missing { inserted.
<to be read again> 
                   _
l.28     def __
               len__(self):
A left brace was mandatory here, so I've put one in.
You might want to delete and/or insert some corrections
so that I will find a matching right brace soon.
(If you're confused by all this, try typing `I}' now.)

! Missing { inserted.
<to be read again> 
                   _
l.28     def __len__
                    (self):
A left brace was mandatory here, so I've put one in.
You might want to delete and/or insert some corrections
so that I will find a matching right brace soon.
(If you're confused by all this, try typing `I}' now.)

! Missing $ inserted.
<inserted text> 
                $
l.30 
     
I've inserted a begin-math/end-math symbol since I think
you left one out. Proceed, with fingers crossed.

! Missing } inserted.
<inserted text> 
                }
l.30 
     
I've inserted something that you may have forgotten.
(See the <inserted text> above.)
With luck, this will get me unwedged. But if you
really didn't forget anything, try typing `2' now; then
my insertion and my current dilemma will both disappear.

! Missing } inserted.
<inserted text> 
                }
l.30 
     
I've inserted something that you may have forgotten.
(See the <inserted text> above.)
With luck, this will get me unwedged. But if you
really didn't forget anything, try typing `2' now; then
my insertion and my current dilemma will both disappear.


Overfull \hbox (20.0pt too wide) in paragraph at lines 28--30
[]
 []


Overfull \hbox (116.5072pt too wide) in paragraph at lines 28--30
[]$ 
 []


! LaTeX Error: Missing \begin{document}.

See the LaTeX manual or LaTeX Companion for explanation.
Type  H <return>  for immediate help.
 ...                                              
                                                  
l.31     d
          ef create_positive_sampler(self, target_publication):
You're in trouble here.  Try typing  <return>  to proceed.
If that doesn't work, type  X <return>  to quit.

Missing character: There is no d in font nullfont!
Missing character: There is no e in font nullfont!
Missing character: There is no f in font nullfont!
Missing character: There is no c in font nullfont!
Missing character: There is no r in font nullfont!
Missing character: There is no e in font nullfont!
Missing character: There is no a in font nullfont!
Missing character: There is no t in font nullfont!
Missing character: There is no e in font nullfont!
! Missing $ inserted.
<inserted text> 
                $
l.31     def create_
                    positive_sampler(self, target_publication):
I've inserted a begin-math/end-math symbol since I think
you left one out. Proceed, with fingers crossed.

! Missing $ inserted.
<inserted text> 
                $
l.39 
     
I've inserted a begin-math/end-math symbol since I think
you left one out. Proceed, with fingers crossed.


Overfull \hbox (20.0pt too wide) in paragraph at lines 31--39
[]
 []


Overfull \hbox (182.10304pt too wide) in paragraph at lines 31--39
[]\OML/cmm/m/it/10 ositive[]ampler\OT1/cmr/m/n/10 (\OML/cmm/m/it/10 self; targe
t[]ublication\OT1/cmr/m/n/10 ) :
 []


Overfull \hbox (29.51501pt too wide) in paragraph at lines 31--39
\OML/cmm/m/it/10 prob \OT1/cmr/m/n/10 =
 []


Overfull \hbox (291.1526pt too wide) in paragraph at lines 31--39
\OML/cmm/m/it/10 np:zeros\OT1/cmr/m/n/10 (\OML/cmm/m/it/10 len\OT1/cmr/m/n/10 (
\OML/cmm/m/it/10 self\OT1/cmr/m/n/10 ))\OML/cmm/m/it/10 foridx; exampleinenumer
ate\OT1/cmr/m/n/10 (\OML/cmm/m/it/10 self:examples\OT1/cmr/m/n/10 ) :
 []


Overfull \hbox (155.8678pt too wide) in paragraph at lines 31--39
\OML/cmm/m/it/10 ifexample\OT1/cmr/m/n/10 ["\OML/cmm/m/it/10 model[]ublication\
OT1/cmr/m/n/10 "] ==
 []


Overfull \hbox (81.42126pt too wide) in paragraph at lines 31--39
\OML/cmm/m/it/10 target[]ublication \OT1/cmr/m/n/10 :
 []


Overfull \hbox (49.43585pt too wide) in paragraph at lines 31--39
\OML/cmm/m/it/10 prob\OT1/cmr/m/n/10 [\OML/cmm/m/it/10 idx\OT1/cmr/m/n/10 ] =
 []


Overfull \hbox (274.96208pt too wide) in paragraph at lines 31--39
\OT1/cmr/m/n/10 1\OML/cmm/m/it/10 returntorch:utils:data:WeightedRandomSampler\
OT1/cmr/m/n/10 (\OML/cmm/m/it/10 weights \OT1/cmr/m/n/10 =
 []


Overfull \hbox (90.36243pt too wide) in paragraph at lines 31--39
\OML/cmm/m/it/10 prob; num[]amples \OT1/cmr/m/n/10 =
 []


Overfull \hbox (110.09055pt too wide) in paragraph at lines 31--39
\OML/cmm/m/it/10 len\OT1/cmr/m/n/10 (\OML/cmm/m/it/10 self\OT1/cmr/m/n/10 )\OML
/cmm/m/it/10 ; replacement \OT1/cmr/m/n/10 =
 []


Overfull \hbox (26.29176pt too wide) in paragraph at lines 31--39
\OML/cmm/m/it/10 True\OT1/cmr/m/n/10 )$ 
 []


! LaTeX Error: Missing \begin{document}.

See the LaTeX manual or LaTeX Companion for explanation.
Type  H <return>  for immediate help.
 ...                                              
                                                  
l.40     d
          ef create_negative_sampler(self, target_publication):
You're in trouble here.  Try typing  <return>  to proceed.
If that doesn't work, type  X <return>  to quit.

Missing character: There is no d in font nullfont!
Missing character: There is no e in font nullfont!
Missing character: There is no f in font nullfont!
Missing character: There is no c in font nullfont!
Missing character: There is no r in font nullfont!
Missing character: There is no e in font nullfont!
Missing character: There is no a in font nullfont!
Missing character: There is no t in font nullfont!
Missing character: There is no e in font nullfont!
! Missing $ inserted.
<inserted text> 
                $
l.40     def create_
                    negative_sampler(self, target_publication):
I've inserted a begin-math/end-math symbol since I think
you left one out. Proceed, with fingers crossed.

! Missing $ inserted.
<inserted text> 
                $
l.48 
     
I've inserted a begin-math/end-math symbol since I think
you left one out. Proceed, with fingers crossed.


Overfull \hbox (20.0pt too wide) in paragraph at lines 40--48
[]
 []


Overfull \hbox (185.01479pt too wide) in paragraph at lines 40--48
[]\OML/cmm/m/it/10 egative[]ampler\OT1/cmr/m/n/10 (\OML/cmm/m/it/10 self; targe
t[]ublication\OT1/cmr/m/n/10 ) :
 []


Overfull \hbox (29.51501pt too wide) in paragraph at lines 40--48
\OML/cmm/m/it/10 prob \OT1/cmr/m/n/10 =
 []


Overfull \hbox (291.1526pt too wide) in paragraph at lines 40--48
\OML/cmm/m/it/10 np:zeros\OT1/cmr/m/n/10 (\OML/cmm/m/it/10 len\OT1/cmr/m/n/10 (
\OML/cmm/m/it/10 self\OT1/cmr/m/n/10 ))\OML/cmm/m/it/10 foridx; exampleinenumer
ate\OT1/cmr/m/n/10 (\OML/cmm/m/it/10 self:examples\OT1/cmr/m/n/10 ) :
 []


Overfull \hbox (150.86778pt too wide) in paragraph at lines 40--48
\OML/cmm/m/it/10 ifexample\OT1/cmr/m/n/10 ["\OML/cmm/m/it/10 model[]ublication\
OT1/cmr/m/n/10 "]! =
 []


Overfull \hbox (81.42126pt too wide) in paragraph at lines 40--48
\OML/cmm/m/it/10 target[]ublication \OT1/cmr/m/n/10 :
 []


Overfull \hbox (49.43585pt too wide) in paragraph at lines 40--48
\OML/cmm/m/it/10 prob\OT1/cmr/m/n/10 [\OML/cmm/m/it/10 idx\OT1/cmr/m/n/10 ] =
 []


Overfull \hbox (274.96208pt too wide) in paragraph at lines 40--48
\OT1/cmr/m/n/10 1\OML/cmm/m/it/10 returntorch:utils:data:WeightedRandomSampler\
OT1/cmr/m/n/10 (\OML/cmm/m/it/10 weights \OT1/cmr/m/n/10 =
 []


Overfull \hbox (90.36243pt too wide) in paragraph at lines 40--48
\OML/cmm/m/it/10 prob; num[]amples \OT1/cmr/m/n/10 =
 []


Overfull \hbox (110.09055pt too wide) in paragraph at lines 40--48
\OML/cmm/m/it/10 len\OT1/cmr/m/n/10 (\OML/cmm/m/it/10 self\OT1/cmr/m/n/10 )\OML
/cmm/m/it/10 ; replacement \OT1/cmr/m/n/10 =
 []


Overfull \hbox (26.29176pt too wide) in paragraph at lines 40--48
\OML/cmm/m/it/10 True\OT1/cmr/m/n/10 )$ 
 []


! LaTeX Error: Missing \begin{document}.

See the LaTeX manual or LaTeX Companion for explanation.
Type  H <return>  for immediate help.
 ...                                              
                                                  
l.49     d
          ef map_items(self,tokenizer,url_to_id,publication_to_id,filter=Fal...

You're in trouble here.  Try typing  <return>  to proceed.
If that doesn't work, type  X <return>  to quit.

Missing character: There is no d in font nullfont!
Missing character: There is no e in font nullfont!
Missing character: There is no f in font nullfont!
Missing character: There is no m in font nullfont!
Missing character: There is no a in font nullfont!
Missing character: There is no p in font nullfont!
! Missing $ inserted.
<inserted text> 
                $
l.49     def map_
                 items(self,tokenizer,url_to_id,publication_to_id,filter=Fal...
I've inserted a begin-math/end-math symbol since I think
you left one out. Proceed, with fingers crossed.

! Missing $ inserted.
<inserted text> 
                $
l.70 
     
I've inserted a begin-math/end-math symbol since I think
you left one out. Proceed, with fingers crossed.


Overfull \hbox (20.0pt too wide) in paragraph at lines 49--70
[]
 []


Overfull \hbox (239.44006pt too wide) in paragraph at lines 49--70
[]\OML/cmm/m/it/10 tems\OT1/cmr/m/n/10 (\OML/cmm/m/it/10 self; tokenizer; url[]
o[]d; publication[]o[]d; filter \OT1/cmr/m/n/10 =
 []


Overfull \hbox (87.08646pt too wide) in paragraph at lines 49--70
\OML/cmm/m/it/10 False; min[]ength \OT1/cmr/m/n/10 =
 []


Overfull \hbox (60.89473pt too wide) in paragraph at lines 49--70
\OT1/cmr/m/n/10 0\OML/cmm/m/it/10 ; day[]ange \OT1/cmr/m/n/10 =
 []


Overfull \hbox (38.51962pt too wide) in paragraph at lines 49--70
\OML/cmm/m/it/10 None; \OT1/cmr/m/n/10 ) :
 []


Overfull \hbox (90.54752pt too wide) in paragraph at lines 49--70
\OML/cmm/m/it/10 min[]ength[]rticles \OT1/cmr/m/n/10 =
 []


Overfull \hbox (210.93474pt too wide) in paragraph at lines 49--70
\OT1/cmr/m/n/10 []\OML/cmm/m/it/10 foridx; exampleinenumerate\OT1/cmr/m/n/10 (\
OML/cmm/m/it/10 self:examples\OT1/cmr/m/n/10 ) :
 []


Overfull \hbox (45.45491pt too wide) in paragraph at lines 49--70
\OML/cmm/m/it/10 encoded \OT1/cmr/m/n/10 =
 []


Overfull \hbox (238.81433pt too wide) in paragraph at lines 49--70
\OML/cmm/m/it/10 tokenizer:encode\OT1/cmr/m/n/10 (\OML/cmm/m/it/10 example\OT1/
cmr/m/n/10 ["\OML/cmm/m/it/10 text\OT1/cmr/m/n/10 "]\OML/cmm/m/it/10 ; add[]pec
ial[]okens \OT1/cmr/m/n/10 =
 []


Overfull \hbox (171.97156pt too wide) in paragraph at lines 49--70
\OML/cmm/m/it/10 False\OT1/cmr/m/n/10 )\OML/cmm/m/it/10 :idsself:examples\OT1/c
mr/m/n/10 [\OML/cmm/m/it/10 idx\OT1/cmr/m/n/10 ]["\OML/cmm/m/it/10 text\OT1/cmr
/m/n/10 "] =
 []


Overfull \hbox (157.33784pt too wide) in paragraph at lines 49--70
\OML/cmm/m/it/10 encodedself:examples\OT1/cmr/m/n/10 [\OML/cmm/m/it/10 idx\OT1/
cmr/m/n/10 ]["\OML/cmm/m/it/10 url\OT1/cmr/m/n/10 "] =
 []


Overfull \hbox (437.16432pt too wide) in paragraph at lines 49--70
\OML/cmm/m/it/10 url[]o[]d:get\OT1/cmr/m/n/10 (\OML/cmm/m/it/10 example\OT1/cmr
/m/n/10 ["\OML/cmm/m/it/10 url\OT1/cmr/m/n/10 "]\OML/cmm/m/it/10 ; url[]o[]d:ge
t\OT1/cmr/m/n/10 ("\OML/cmm/m/it/10 miscellaneous\OT1/cmr/m/n/10 "))\OML/cmm/m/
it/10 self:examples\OT1/cmr/m/n/10 [\OML/cmm/m/it/10 idx\OT1/cmr/m/n/10 ]["\OML
/cmm/m/it/10 model[]ublication\OT1/cmr/m/n/10 "] =
 []


Overfull \hbox (426.7429pt too wide) in paragraph at lines 49--70
\OML/cmm/m/it/10 publication[]o[]d:get\OT1/cmr/m/n/10 (\OML/cmm/m/it/10 example
\OT1/cmr/m/n/10 ["\OML/cmm/m/it/10 model[]ublication\OT1/cmr/m/n/10 "]\OML/cmm/
m/it/10 ; publication[]o[]d:get\OT1/cmr/m/n/10 ("\OML/cmm/m/it/10 miscellaneous
\OT1/cmr/m/n/10 "))\OML/cmm/m/it/10 iffilter \OT1/cmr/m/n/10 :
 []


Overfull \hbox (103.09181pt too wide) in paragraph at lines 49--70
\OML/cmm/m/it/10 ifday[]angeisnotNone \OT1/cmr/m/n/10 :
 []


Overfull \hbox (34.51851pt too wide) in paragraph at lines 49--70
\OML/cmm/m/it/10 dated \OT1/cmr/m/n/10 =
 []


Overfull \hbox (164.14267pt too wide) in paragraph at lines 49--70
\OML/cmm/m/it/10 parser:parse\OT1/cmr/m/n/10 (\OML/cmm/m/it/10 example\OT1/cmr/
m/n/10 ["\OML/cmm/m/it/10 date\OT1/cmr/m/n/10 "])\OML/cmm/m/it/10 now \OT1/cmr/
m/n/10 =
 []


Overfull \hbox (123.22318pt too wide) in paragraph at lines 49--70
\OML/cmm/m/it/10 datetime:now\OT1/cmr/m/n/10 ()\OML/cmm/m/it/10 last[]onth \OT1
/cmr/m/n/10 =
 []


Overfull \hbox (26.05563pt too wide) in paragraph at lines 49--70
\OML/cmm/m/it/10 now \OMS/cmsy/m/n/10  
 []


Overfull \hbox (77.31561pt too wide) in paragraph at lines 49--70
\OML/cmm/m/it/10 timedelta\OT1/cmr/m/n/10 (\OML/cmm/m/it/10 days \OT1/cmr/m/n/1
0 =
 []


Overfull \hbox (206.04466pt too wide) in paragraph at lines 49--70
\OML/cmm/m/it/10 day[]ange\OT1/cmr/m/n/10 )\OML/cmm/m/it/10 if\OT1/cmr/m/n/10 (
\OML/cmm/m/it/10 len\OT1/cmr/m/n/10 (\OML/cmm/m/it/10 self:examples\OT1/cmr/m/n
/10 [\OML/cmm/m/it/10 idx\OT1/cmr/m/n/10 ]["\OML/cmm/m/it/10 text\OT1/cmr/m/n/1
0 "]) \OML/cmm/m/it/10 >
 []


Overfull \hbox (125.86673pt too wide) in paragraph at lines 49--70
\OML/cmm/m/it/10 min[]engthandlast[]onth <\OT1/cmr/m/n/10 =
 []


Overfull \hbox (42.29631pt too wide) in paragraph at lines 49--70
\OML/cmm/m/it/10 dated <\OT1/cmr/m/n/10 =
 []


Overfull \hbox (27.72223pt too wide) in paragraph at lines 49--70
\OML/cmm/m/it/10 now\OT1/cmr/m/n/10 ) :
 []


Overfull \hbox (227.12837pt too wide) in paragraph at lines 49--70
\OML/cmm/m/it/10 min[]ength[]rticles:append\OT1/cmr/m/n/10 (\OML/cmm/m/it/10 se
lf:examples\OT1/cmr/m/n/10 [\OML/cmm/m/it/10 idx\OT1/cmr/m/n/10 ])\OML/cmm/m/it
/10 else \OT1/cmr/m/n/10 :
 []


Overfull \hbox (157.37207pt too wide) in paragraph at lines 49--70
\OML/cmm/m/it/10 iflen\OT1/cmr/m/n/10 (\OML/cmm/m/it/10 self:examples\OT1/cmr/m
/n/10 [\OML/cmm/m/it/10 idx\OT1/cmr/m/n/10 ]["\OML/cmm/m/it/10 text\OT1/cmr/m/n
/10 "]) \OML/cmm/m/it/10 >
 []


Overfull \hbox (52.01234pt too wide) in paragraph at lines 49--70
\OML/cmm/m/it/10 min[]ength \OT1/cmr/m/n/10 :
 []


Overfull \hbox (313.95732pt too wide) in paragraph at lines 49--70
\OML/cmm/m/it/10 min[]ength[]rticles:append\OT1/cmr/m/n/10 (\OML/cmm/m/it/10 se
lf:examples\OT1/cmr/m/n/10 [\OML/cmm/m/it/10 idx\OT1/cmr/m/n/10 ])\OML/cmm/m/it
/10 returnmin[]ength[]rticles$ 
 []


! LaTeX Error: \begin{document} ended by \end{minted}.

See the LaTeX manual or LaTeX Companion for explanation.
Type  H <return>  for immediate help.
 ...                                              
                                                  
l.71 \end{minted}
                 
Your command was ignored.
Type  I <command> <return>  to replace it with another command,
or  <return>  to continue without it.

)
! Emergency stop.
<*> ./processing.tex
                    
*** (job aborted, no legal \end found)

 
Here is how much of TeX's memory you used:
 21 strings out of 481212
 465 string characters out of 2913851
 247955 words of memory out of 3000000
 15711 multiletter control sequences out of 15000+200000
 535088 words of font info for 29 fonts, out of 3000000 for 9000
 1141 hyphenation exceptions out of 8191
 18i,5n,15p,165b,58s stack positions out of 5000i,500n,10000p,200000b,50000s
!  ==> Fatal error occurred, no output PDF file produced!
